<?xml version="1.0" encoding="UTF-8"?>
<!-- Generated by org.testng.reporters.JUnitReportReporter -->
<testsuite hostname="DESKTOP-TJM23M0" failures="0" tests="2" name="runner.TestRunner" time="31.103" errors="0" timestamp="2022-10-14T15:42:47 EET" skipped="0">
  <testcase classname="runner.TestRunner" name="runScenario" time="2.223"/>
  <system-out/>
  <testcase classname="runner.TestRunner" name="runScenario" time="28.880"/>
  <system-out/>
</testsuite> <!-- runner.TestRunner -->
